SF:lib/model/reminder_settings/reminder_content.dart
DA:5,3
DA:7,1
DA:8,1
DA:9,1
DA:11,1
DA:17,1
DA:21,1
DA:22,1
DA:23,1
DA:27,2
DA:28,1
DA:29,1
DA:32,1
DA:34,3
DA:37,1
DA:40,1
DA:41,3
DA:42,3
DA:43,3
DA:45,1
DA:46,5
LF:21
LH:21
end_of_record
SF:lib/model/reminder_settings/reminder_settings.dart
DA:9,1
DA:14,0
DA:15,0
DA:16,0
DA:18,0
DA:24,0
DA:26,0
LF:7
LH:1
end_of_record
SF:lib/model/reminder_settings/reminder_time/reminder_time.dart
DA:9,3
DA:10,3
DA:11,3
DA:14,2
DA:15,4
DA:23,8
DA:32,1
DA:33,1
DA:36,2
DA:37,2
DA:38,2
DA:39,2
DA:43,6
DA:44,6
DA:45,6
LF:15
LH:15
end_of_record
SF:lib/model/reminder_settings/reminder_time/reminder_frequency.dart
DA:2,33
DA:7,2
DA:9,2
DA:11,2
DA:13,2
DA:15,1
DA:24,16
DA:28,16
DA:34,10
DA:35,0
DA:41,17
DA:43,0
LF:12
LH:10
end_of_record
SF:lib/model/reminder_settings/reminder_time/types/daily_reminder_time.dart
DA:7,5
DA:9,3
DA:11,2
DA:15,3
DA:17,2
DA:18,6
DA:20,0
DA:22,0
DA:23,0
LF:9
LH:6
end_of_record
SF:lib/model/reminder_settings/reminder_time/types/monthly_reminder_time/monthly_reminder_time.dart
DA:9,3
DA:15,1
DA:21,1
DA:22,1
DA:23,1
DA:24,1
DA:28,2
DA:29,2
DA:30,4
DA:33,1
DA:34,1
DA:36,2
DA:37,1
DA:39,2
DA:40,2
DA:41,2
DA:46,1
DA:47,1
DA:48,1
DA:49,1
DA:50,2
DA:51,3
DA:57,0
DA:59,0
DA:60,0
DA:61,0
DA:62,0
DA:63,0
LF:28
LH:22
end_of_record
SF:lib/model/reminder_settings/reminder_time/types/weekly_reminder_time.dart
DA:8,4
DA:11,3
DA:13,1
DA:18,1
DA:19,1
DA:20,1
DA:24,2
DA:25,2
DA:26,2
DA:27,2
DA:30,1
DA:32,4
DA:34,0
DA:36,0
DA:37,0
LF:15
LH:12
end_of_record
SF:lib/utilities/time_utiils.dart
DA:4,4
DA:5,4
DA:6,4
DA:7,4
DA:11,4
DA:12,16
LF:6
LH:6
end_of_record
SF:lib/model/reminder_settings/reminder_time/types/monthly_reminder_time/day_of_month.dart
DA:4,3
DA:6,2
DA:7,4
DA:13,4
LF:4
LH:4
end_of_record
SF:lib/model/reminder_to_schedule.dart
DA:7,1
LF:1
LH:1
end_of_record
SF:lib/utilities/reminders_scheduler.dart
DA:10,1
DA:16,1
DA:17,1
DA:18,1
DA:19,1
DA:22,2
DA:23,2
DA:27,1
DA:30,1
DA:31,2
DA:32,1
DA:33,2
DA:34,1
DA:35,2
DA:36,1
DA:37,1
DA:38,1
DA:39,1
DA:41,3
DA:49,1
DA:50,1
DA:52,1
DA:53,1
DA:57,1
DA:59,2
DA:60,4
DA:61,4
DA:64,1
DA:66,2
DA:67,4
DA:68,4
DA:69,1
DA:71,1
DA:72,5
DA:75,1
DA:78,1
DA:81,1
DA:82,4
DA:85,1
DA:86,2
DA:88,2
DA:89,1
DA:92,1
DA:94,2
DA:95,1
DA:96,3
DA:97,1
DA:98,2
DA:99,2
DA:103,2
DA:104,1
DA:106,1
DA:107,1
DA:108,4
DA:109,1
DA:110,1
DA:111,1
DA:112,1
DA:113,2
DA:114,2
LF:60
LH:60
end_of_record
